[26-Jul-2022 16:08:18 UTC] PHP Fatal error:  Maximum execution time of 30 seconds exceeded in D:\m\Scripture\translate\functions.php on line 51
[26-Jul-2022 16:08:25 UTC] PHP Fatal error:  Maximum execution time of 30 seconds exceeded in D:\m\Scripture\translate\functions.php on line 47
[26-Jul-2022 16:09:18 UTC] PHP Fatal error:  Maximum execution time of 30 seconds exceeded in D:\m\Scripture\translate\functions.php on line 51
[26-Jul-2022 16:11:29 UTC] PHP Fatal error:  Maximum execution time of 30 seconds exceeded in D:\m\Scripture\translate\functions.php on line 51
[26-Jul-2022 22:24:24 UTC] PHP Warning:  Attempt to read property "num_rows" on bool in D:\m\Scripture\00-MainScript.inc.php on line 516
[26-Jul-2022 23:05:22 UTC] PHP Parse error:  syntax error, unexpected token ";", expecting ")" in D:\m\Scripture\00cmn.php on line 57
[27-Jul-2022 01:49:02 UTC] PHP Fatal error:  Uncaught Error: Call to a member function bind_param() on bool in D:\m\Scripture\LSearch.php:96
Stack trace:
#0 {main}
  thrown in D:\m\Scripture\LSearch.php on line 96
[27-Jul-2022 01:54:07 UTC] PHP Fatal error:  Uncaught Error: Call to a member function bind_param() on bool in D:\m\Scripture\LSearch.php:256
Stack trace:
#0 {main}
  thrown in D:\m\Scripture\LSearch.php on line 256
[27-Jul-2022 01:55:14 UTC] PHP Fatal error:  Uncaught Error: Call to a member function bind_param() on bool in D:\m\Scripture\LSearch.php:378
Stack trace:
#0 {main}
  thrown in D:\m\Scripture\LSearch.php on line 378
[27-Jul-2022 02:09:37 UTC] PHP Parse error:  syntax error, unexpected token ";", expecting ")" in D:\m\Scripture\LSearch.php on line 58
[27-Jul-2022 02:13:35 UTC] PHP Warning:  Undefined variable $ln_result in D:\m\Scripture\LSearch.php on line 84
[27-Jul-2022 02:16:54 UTC] PHP Parse error:  syntax error, unexpected token "/" in D:\m\Scripture\LSearch.php on line 366
[27-Jul-2022 02:17:10 UTC] PHP Warning:  Undefined variable $LN_English in D:\m\Scripture\LSearch.php on line 369
[27-Jul-2022 02:17:10 UTC] PHP Warning:  Undefined variable $LN_English in D:\m\Scripture\LSearch.php on line 369
[27-Jul-2022 02:17:10 UTC] PHP Warning:  Undefined variable $LN_English in D:\m\Scripture\LSearch.php on line 369
[27-Jul-2022 02:17:10 UTC] PHP Warning:  Undefined variable $LN_English in D:\m\Scripture\LSearch.php on line 369
[27-Jul-2022 02:17:10 UTC] PHP Warning:  Undefined variable $LN_English in D:\m\Scripture\LSearch.php on line 369
[27-Jul-2022 02:17:10 UTC] PHP Warning:  Undefined variable $LN_English in D:\m\Scripture\LSearch.php on line 369
[27-Jul-2022 02:17:10 UTC] PHP Warning:  Undefined variable $LN_English in D:\m\Scripture\LSearch.php on line 369
[27-Jul-2022 02:17:10 UTC] PHP Warning:  Undefined variable $LN_English in D:\m\Scripture\LSearch.php on line 369
[27-Jul-2022 02:17:10 UTC] PHP Warning:  Undefined variable $LN_English in D:\m\Scripture\LSearch.php on line 369
[27-Jul-2022 02:17:10 UTC] PHP Warning:  Undefined variable $LN_English in D:\m\Scripture\LSearch.php on line 369
[27-Jul-2022 02:17:10 UTC] PHP Warning:  Undefined variable $LN_English in D:\m\Scripture\LSearch.php on line 369
[27-Jul-2022 02:17:10 UTC] PHP Warning:  Undefined variable $LN_English in D:\m\Scripture\LSearch.php on line 369
[27-Jul-2022 02:17:30 UTC] PHP Warning:  Undefined variable $LN_English in D:\m\Scripture\LSearch.php on line 369
[27-Jul-2022 02:17:30 UTC] PHP Warning:  Undefined variable $LN_English in D:\m\Scripture\LSearch.php on line 369
[27-Jul-2022 02:17:30 UTC] PHP Warning:  Undefined variable $LN_English in D:\m\Scripture\LSearch.php on line 369
[27-Jul-2022 02:17:30 UTC] PHP Warning:  Undefined variable $LN_English in D:\m\Scripture\LSearch.php on line 369
[27-Jul-2022 02:17:30 UTC] PHP Warning:  Undefined variable $LN_English in D:\m\Scripture\LSearch.php on line 369
[27-Jul-2022 02:17:30 UTC] PHP Warning:  Undefined variable $LN_English in D:\m\Scripture\LSearch.php on line 369
[27-Jul-2022 02:17:30 UTC] PHP Warning:  Undefined variable $LN_English in D:\m\Scripture\LSearch.php on line 369
[27-Jul-2022 02:17:30 UTC] PHP Warning:  Undefined variable $LN_English in D:\m\Scripture\LSearch.php on line 369
[27-Jul-2022 02:17:30 UTC] PHP Warning:  Undefined variable $LN_English in D:\m\Scripture\LSearch.php on line 369
[27-Jul-2022 02:17:30 UTC] PHP Warning:  Undefined variable $LN_English in D:\m\Scripture\LSearch.php on line 369
[27-Jul-2022 02:17:30 UTC] PHP Warning:  Undefined variable $LN_English in D:\m\Scripture\LSearch.php on line 369
[27-Jul-2022 02:17:30 UTC] PHP Warning:  Undefined variable $LN_English in D:\m\Scripture\LSearch.php on line 369
[27-Jul-2022 02:19:48 UTC] PHP Fatal error:  Uncaught Error: Call to a member function bind_param() on bool in D:\m\Scripture\LSearch.php:97
Stack trace:
#0 {main}
  thrown in D:\m\Scripture\LSearch.php on line 97
