[11-Feb-2022 17:01:08 UTC] PHP Fatal error:  Uncaught Error: Call to a member function bind_param() on bool in D:\m\Scripture\api\other_se.php:39
Stack trace:
#0 {main}
  thrown in D:\m\Scripture\api\other_se.php on line 39
[11-Feb-2022 17:06:38 UTC] PHP Fatal error:  Uncaught Error: Call to a member function bind_param() on bool in D:\m\Scripture\api\other_se.php:38
Stack trace:
#0 {main}
  thrown in D:\m\Scripture\api\other_se.php on line 38
[12-Feb-2022 00:13:17 UTC] PHP Fatal error:  Uncaught Error: Call to a member function bind_param() on bool in D:\m\Scripture\api\download_media.php:61
Stack trace:
#0 {main}
  thrown in D:\m\Scripture\api\download_media.php on line 61
[12-Feb-2022 00:16:41 UTC] PHP Warning:  Undefined variable $stmt_other in D:\m\Scripture\api\download_media.php on line 124
[12-Feb-2022 00:16:41 UTC] PHP Fatal error:  Uncaught Error: Call to a member function get_result() on null in D:\m\Scripture\api\download_media.php:124
Stack trace:
#0 {main}
  thrown in D:\m\Scripture\api\download_media.php on line 124
[12-Feb-2022 00:17:19 UTC] PHP Warning:  Undefined variable $result_OT_Audio in D:\m\Scripture\api\download_media.php on line 162
[12-Feb-2022 00:17:19 UTC] PHP Warning:  Attempt to read property "num_rows" on null in D:\m\Scripture\api\download_media.php on line 162
[12-Feb-2022 00:17:19 UTC] PHP Warning:  Undefined variable $result_OT_Audio in D:\m\Scripture\api\download_media.php on line 165
[12-Feb-2022 00:17:19 UTC] PHP Fatal error:  Uncaught Error: Call to a member function fetch_array() on null in D:\m\Scripture\api\download_media.php:165
Stack trace:
#0 {main}
  thrown in D:\m\Scripture\api\download_media.php on line 165
[12-Feb-2022 00:19:31 UTC] PHP Warning:  Undefined variable $stmt_OT_Audio in D:\m\Scripture\api\download_media.php on line 110
[12-Feb-2022 00:19:31 UTC] PHP Fatal error:  Uncaught Error: Call to a member function bind_param() on null in D:\m\Scripture\api\download_media.php:110
Stack trace:
#0 {main}
  thrown in D:\m\Scripture\api\download_media.php on line 110
[12-Feb-2022 06:36:22 UTC] PHP Warning:  Cannot modify header information - headers already sent by (output started at D:\m\Scripture\api\download_media.php:220) in D:\m\Scripture\api\download_media.php on line 353
[12-Feb-2022 21:30:51 UTC] PHP Warning:  Undefined variable $rod in D:\m\Scripture\api\download_media.php on line 66
[12-Feb-2022 21:30:51 UTC] PHP Warning:  Undefined variable $rod in D:\m\Scripture\api\download_media.php on line 70
[12-Feb-2022 21:30:51 UTC] PHP Warning:  Undefined variable $var in D:\m\Scripture\api\download_media.php on line 74
[25-Feb-2022 19:25:49 UTC] PHP Warning:  Array to string conversion in D:\m\Scripture\api\add_resource.php on line 54
[25-Feb-2022 19:25:49 UTC] PHP Fatal error:  Uncaught Error: Call to a member function bind_param() on bool in D:\m\Scripture\api\add_resource.php:93
Stack trace:
#0 {main}
  thrown in D:\m\Scripture\api\add_resource.php on line 93
[25-Feb-2022 19:32:04 UTC] PHP Fatal error:  Uncaught Error: Call to a member function bind_param() on bool in D:\m\Scripture\api\add_resource.php:91
Stack trace:
#0 {main}
  thrown in D:\m\Scripture\api\add_resource.php on line 91
[25-Feb-2022 19:35:28 UTC] PHP Fatal error:  Uncaught Error: Call to a member function bind_param() on bool in D:\m\Scripture\api\add_resource.php:91
Stack trace:
#0 {main}
  thrown in D:\m\Scripture\api\add_resource.php on line 91
[25-Feb-2022 20:42:39 UTC] PHP Warning:  mail(): Failed to connect to mailserver at &quot;localhost&quot; port 25, verify your &quot;SMTP&quot; and &quot;smtp_port&quot; setting in php.ini or use ini_set() in D:\m\Scripture\api\add_resource.php on line 162
[25-Feb-2022 20:47:55 UTC] PHP Warning:  mail(): Failed to connect to mailserver at &quot;localhost:90&quot; port 25, verify your &quot;SMTP&quot; and &quot;smtp_port&quot; setting in php.ini or use ini_set() in D:\m\Scripture\api\add_resource.php on line 162
[25-Feb-2022 20:50:53 UTC] PHP Warning:  mail(): Failed to connect to mailserver at &quot;localhost:90&quot; port 25, verify your &quot;SMTP&quot; and &quot;smtp_port&quot; setting in php.ini or use ini_set() in D:\m\Scripture\api\add_resource.php on line 162
[08-Mar-2022 16:25:00 UTC] PHP Warning:  mail(): Failed to connect to mailserver at &quot;localhost:90&quot; port 25, verify your &quot;SMTP&quot; and &quot;smtp_port&quot; setting in php.ini or use ini_set() in D:\m\Scripture\api\add_resource.php on line 162
[11-Mar-2022 22:46:16 UTC] PHP Fatal error:  Uncaught Exception: Request method must be POST! in D:\m\Scripture\api\add_resource.php:14
Stack trace:
#0 {main}
  thrown in D:\m\Scripture\api\add_resource.php on line 14
[11-Mar-2022 22:46:45 UTC] PHP Warning:  mail(): Failed to connect to mailserver at &quot;localhost:90&quot; port 25, verify your &quot;SMTP&quot; and &quot;smtp_port&quot; setting in php.ini or use ini_set() in D:\m\Scripture\api\add_resource.php on line 171
[17-Mar-2022 20:04:32 UTC] PHP Warning:  mail(): Failed to connect to mailserver at &quot;localhost:90&quot; port 25, verify your &quot;SMTP&quot; and &quot;smtp_port&quot; setting in php.ini or use ini_set() in D:\m\Scripture\api\add_resource.php on line 184
[17-Mar-2022 21:31:31 UTC] PHP Warning:  mail(): Failed to connect to mailserver at &quot;localhost:90&quot; port 25, verify your &quot;SMTP&quot; and &quot;smtp_port&quot; setting in php.ini or use ini_set() in D:\m\Scripture\api\add_resource.php on line 184
[25-Mar-2022 00:11:59 UTC] PHP Fatal error:  Uncaught Exception: Request method must be POST! in D:\m\Scripture\api\add_resource.php:19
Stack trace:
#0 {main}
  thrown in D:\m\Scripture\api\add_resource.php on line 19
[25-Mar-2022 00:13:37 UTC] PHP Warning:  mail(): Failed to connect to mailserver at &quot;localhost:90&quot; port 25, verify your &quot;SMTP&quot; and &quot;smtp_port&quot; setting in php.ini or use ini_set() in D:\m\Scripture\api\add_resource.php on line 188
[25-Mar-2022 00:15:45 UTC] PHP Warning:  mail(): Failed to connect to mailserver at &quot;localhost:90&quot; port 25, verify your &quot;SMTP&quot; and &quot;smtp_port&quot; setting in php.ini or use ini_set() in D:\m\Scripture\api\add_resource.php on line 188
[28-Mar-2022 18:40:21 UTC] PHP Warning:  mail(): Failed to connect to mailserver at &quot;localhost:90&quot; port 25, verify your &quot;SMTP&quot; and &quot;smtp_port&quot; setting in php.ini or use ini_set() in D:\m\Scripture\api\add_resource.php on line 188
[28-Mar-2022 20:33:13 UTC] PHP Warning:  mail(): Failed to connect to mailserver at &quot;localhost:90&quot; port 25, verify your &quot;SMTP&quot; and &quot;smtp_port&quot; setting in php.ini or use ini_set() in D:\m\Scripture\api\add_resource.php on line 181
[29-Mar-2022 20:56:34 UTC] PHP Fatal error:  Uncaught TypeError: Unsupported operand types: string + int in D:\m\Scripture\api\add_resource.php:78
Stack trace:
#0 {main}
  thrown in D:\m\Scripture\api\add_resource.php on line 78
[29-Mar-2022 20:57:27 UTC] PHP Fatal error:  Uncaught TypeError: Unsupported operand types: string + int in D:\m\Scripture\api\add_resource.php:79
Stack trace:
#0 {main}
  thrown in D:\m\Scripture\api\add_resource.php on line 79
[29-Mar-2022 21:07:13 UTC] PHP Fatal error:  Uncaught ArgumentCountError: strpos() expects at least 2 arguments, 1 given in D:\m\Scripture\api\add_resource.php:79
Stack trace:
#0 D:\m\Scripture\api\add_resource.php(79): strpos('scriptureearth....')
#1 {main}
  thrown in D:\m\Scripture\api\add_resource.php on line 79
[30-Mar-2022 01:11:55 UTC] PHP Warning:  mail(): Failed to connect to mailserver at &quot;localhost:90&quot; port 25, verify your &quot;SMTP&quot; and &quot;smtp_port&quot; setting in php.ini or use ini_set() in D:\m\Scripture\api\add_resource.php on line 191
[30-Mar-2022 15:39:52 UTC] PHP Warning:  Array to string conversion in D:\m\Scripture\api\add_resource.php on line 49
[30-Mar-2022 15:39:52 UTC] PHP Warning:  mail(): Failed to connect to mailserver at &quot;localhost:90&quot; port 25, verify your &quot;SMTP&quot; and &quot;smtp_port&quot; setting in php.ini or use ini_set() in D:\m\Scripture\api\add_resource.php on line 194
[30-Mar-2022 15:43:24 UTC] PHP Warning:  mail(): Failed to connect to mailserver at &quot;localhost:90&quot; port 25, verify your &quot;SMTP&quot; and &quot;smtp_port&quot; setting in php.ini or use ini_set() in D:\m\Scripture\api\add_resource.php on line 192
[30-Mar-2022 21:33:36 UTC] PHP Parse error:  Unclosed '{' on line 146 does not match ')' in D:\m\Scripture\api\apps.php on line 149
